==21569== Memcheck, a memory error detector
==21569== Copyright (C) 2002-2015, and GNU GPL'd, by Julian Seward et al.
==21569== Using Valgrind-3.11.0 and LibVEX; rerun with -h for copyright info
==21569== Command: ./EmptyWorld
==21569== Parent PID: 30249
==21569== 
--21569-- WARNING: Serious error when reading debug info
--21569-- When reading debug info from /lib/x86_64-linux-gnu/ld-2.22.so:
--21569-- Ignoring non-Dwarf2/3/4 block in .debug_info
--21569-- WARNING: Serious error when reading debug info
--21569-- When reading debug info from /lib/x86_64-linux-gnu/ld-2.22.so:
--21569-- Last block truncated in .debug_info; ignoring
--21569-- WARNING: Serious error when reading debug info
--21569-- When reading debug info from /lib/x86_64-linux-gnu/ld-2.22.so:
--21569-- parse_CU_Header: is neither DWARF2 nor DWARF3 nor DWARF4
--21569-- WARNING: Serious error when reading debug info
--21569-- When reading debug info from /lib/x86_64-linux-gnu/libm-2.22.so:
--21569-- Ignoring non-Dwarf2/3/4 block in .debug_info
--21569-- WARNING: Serious error when reading debug info
--21569-- When reading debug info from /lib/x86_64-linux-gnu/libm-2.22.so:
--21569-- Last block truncated in .debug_info; ignoring
--21569-- WARNING: Serious error when reading debug info
--21569-- When reading debug info from /lib/x86_64-linux-gnu/libm-2.22.so:
--21569-- parse_CU_Header: is neither DWARF2 nor DWARF3 nor DWARF4
--21569-- WARNING: Serious error when reading debug info
--21569-- When reading debug info from /lib/x86_64-linux-gnu/libc-2.22.so:
--21569-- Ignoring non-Dwarf2/3/4 block in .debug_info
--21569-- WARNING: Serious error when reading debug info
--21569-- When reading debug info from /lib/x86_64-linux-gnu/libc-2.22.so:
--21569-- Ignoring non-Dwarf2/3/4 block in .debug_info
--21569-- WARNING: Serious error when reading debug info
--21569-- When reading debug info from /lib/x86_64-linux-gnu/libc-2.22.so:
--21569-- Ignoring non-Dwarf2/3/4 block in .debug_info
--21569-- WARNING: Serious error when reading debug info
--21569-- When reading debug info from /lib/x86_64-linux-gnu/libc-2.22.so:
--21569-- Last block truncated in .debug_info; ignoring
--21569-- WARNING: Serious error when reading debug info
--21569-- When reading debug info from /lib/x86_64-linux-gnu/libc-2.22.so:
--21569-- parse_CU_Header: is neither DWARF2 nor DWARF3 nor DWARF4
--21569-- WARNING: Serious error when reading debug info
--21569-- When reading debug info from /lib/x86_64-linux-gnu/libdl-2.22.so:
--21569-- Ignoring non-Dwarf2/3/4 block in .debug_info
--21569-- WARNING: Serious error when reading debug info
--21569-- When reading debug info from /lib/x86_64-linux-gnu/libdl-2.22.so:
--21569-- Last block truncated in .debug_info; ignoring
--21569-- WARNING: Serious error when reading debug info
--21569-- When reading debug info from /lib/x86_64-linux-gnu/libdl-2.22.so:
--21569-- parse_CU_Header: is neither DWARF2 nor DWARF3 nor DWARF4
==21569== Invalid write of size 1
==21569==    at 0x4C2CE95: strncat (vg_replace_strmem.c:344)
==21569==    by 0x415E4B: draw_status (status.c:43)
==21569==    by 0x415641: playerTakeTurnCallback (player.c:17)
==21569==    by 0x4042A3: main (main.c:40)
==21569==  Address 0x5ba88c1 is 0 bytes after a block of size 81 alloc'd
==21569==    at 0x4C2BBD5: calloc (vg_replace_malloc.c:711)
==21569==    by 0x40C568: Calloc (helpers.c:137)
==21569==    by 0x415D0B: draw_status (status.c:21)
==21569==    by 0x415641: playerTakeTurnCallback (player.c:17)
==21569==    by 0x4042A3: main (main.c:40)
==21569== 
==21569== Invalid write of size 1
==21569==    at 0x4C2CEA3: strncat (vg_replace_strmem.c:344)
==21569==    by 0x415E4B: draw_status (status.c:43)
==21569==    by 0x415641: playerTakeTurnCallback (player.c:17)
==21569==    by 0x4042A3: main (main.c:40)
==21569==  Address 0x5ba88c6 is 5 bytes after a block of size 81 alloc'd
==21569==    at 0x4C2BBD5: calloc (vg_replace_malloc.c:711)
==21569==    by 0x40C568: Calloc (helpers.c:137)
==21569==    by 0x415D0B: draw_status (status.c:21)
==21569==    by 0x415641: playerTakeTurnCallback (player.c:17)
==21569==    by 0x4042A3: main (main.c:40)
==21569== 
==21569== Invalid read of size 1
==21569==    at 0x4C2CFF4: strlen (vg_replace_strmem.c:454)
==21569==    by 0x415F14: draw_status (status.c:52)
==21569==    by 0x415641: playerTakeTurnCallback (player.c:17)
==21569==    by 0x4042A3: main (main.c:40)
==21569==  Address 0x5ba88c1 is 0 bytes after a block of size 81 alloc'd
==21569==    at 0x4C2BBD5: calloc (vg_replace_malloc.c:711)
==21569==    by 0x40C568: Calloc (helpers.c:137)
==21569==    by 0x415D0B: draw_status (status.c:21)
==21569==    by 0x415641: playerTakeTurnCallback (player.c:17)
==21569==    by 0x4042A3: main (main.c:40)
==21569== 
==21569== Invalid read of size 1
==21569==    at 0x4C2CFF4: strlen (vg_replace_strmem.c:454)
==21569==    by 0x416008: draw_status (status.c:62)
==21569==    by 0x415641: playerTakeTurnCallback (player.c:17)
==21569==    by 0x4042A3: main (main.c:40)
==21569==  Address 0x5ba88c1 is 0 bytes after a block of size 81 alloc'd
==21569==    at 0x4C2BBD5: calloc (vg_replace_malloc.c:711)
==21569==    by 0x40C568: Calloc (helpers.c:137)
==21569==    by 0x415D0B: draw_status (status.c:21)
==21569==    by 0x415641: playerTakeTurnCallback (player.c:17)
==21569==    by 0x4042A3: main (main.c:40)
==21569== 
==21569== Invalid write of size 1
==21569==    at 0x55EC299: vsprintf (in /lib/x86_64-linux-gnu/libc-2.22.so)
==21569==    by 0x55CFDA6: sprintf (in /lib/x86_64-linux-gnu/libc-2.22.so)
==21569==    by 0x416066: draw_status (status.c:68)
==21569==    by 0x415641: playerTakeTurnCallback (player.c:17)
==21569==    by 0x4042A3: main (main.c:40)
==21569==  Address 0x5ba8b10 is 0 bytes after a block of size 80 alloc'd
==21569==    at 0x4C2BBD5: calloc (vg_replace_malloc.c:711)
==21569==    by 0x40C568: Calloc (helpers.c:137)
==21569==    by 0x416042: draw_status (status.c:67)
==21569==    by 0x415641: playerTakeTurnCallback (player.c:17)
==21569==    by 0x4042A3: main (main.c:40)
==21569== 
==21569== Invalid read of size 1
==21569==    at 0x4C2CFF4: strlen (vg_replace_strmem.c:454)
==21569==    by 0x416072: draw_status (status.c:69)
==21569==    by 0x415641: playerTakeTurnCallback (player.c:17)
==21569==    by 0x4042A3: main (main.c:40)
==21569==  Address 0x5ba88c1 is 0 bytes after a block of size 81 alloc'd
==21569==    at 0x4C2BBD5: calloc (vg_replace_malloc.c:711)
==21569==    by 0x40C568: Calloc (helpers.c:137)
==21569==    by 0x415D0B: draw_status (status.c:21)
==21569==    by 0x415641: playerTakeTurnCallback (player.c:17)
==21569==    by 0x4042A3: main (main.c:40)
==21569== 
==21569== Invalid read of size 1
==21569==    at 0x4C2CE54: strncat (vg_replace_strmem.c:344)
==21569==    by 0x416091: draw_status (status.c:69)
==21569==    by 0x415641: playerTakeTurnCallback (player.c:17)
==21569==    by 0x4042A3: main (main.c:40)
==21569==  Address 0x5ba88c1 is 0 bytes after a block of size 81 alloc'd
==21569==    at 0x4C2BBD5: calloc (vg_replace_malloc.c:711)
==21569==    by 0x40C568: Calloc (helpers.c:137)
==21569==    by 0x415D0B: draw_status (status.c:21)
==21569==    by 0x415641: playerTakeTurnCallback (player.c:17)
==21569==    by 0x4042A3: main (main.c:40)
==21569== 
==21569== Invalid write of size 1
==21569==    at 0x4C2CE95: strncat (vg_replace_strmem.c:344)
==21569==    by 0x416091: draw_status (status.c:69)
==21569==    by 0x415641: playerTakeTurnCallback (player.c:17)
==21569==    by 0x4042A3: main (main.c:40)
==21569==  Address 0x5ba88c6 is 5 bytes after a block of size 81 alloc'd
==21569==    at 0x4C2BBD5: calloc (vg_replace_malloc.c:711)
==21569==    by 0x40C568: Calloc (helpers.c:137)
==21569==    by 0x415D0B: draw_status (status.c:21)
==21569==    by 0x415641: playerTakeTurnCallback (player.c:17)
==21569==    by 0x4042A3: main (main.c:40)
==21569== 
==21569== Invalid read of size 1
==21569==    at 0x4C2CE80: strncat (vg_replace_strmem.c:344)
==21569==    by 0x416091: draw_status (status.c:69)
==21569==    by 0x415641: playerTakeTurnCallback (player.c:17)
==21569==    by 0x4042A3: main (main.c:40)
==21569==  Address 0x5ba8b10 is 0 bytes after a block of size 80 alloc'd
==21569==    at 0x4C2BBD5: calloc (vg_replace_malloc.c:711)
==21569==    by 0x40C568: Calloc (helpers.c:137)
==21569==    by 0x416042: draw_status (status.c:67)
==21569==    by 0x415641: playerTakeTurnCallback (player.c:17)
==21569==    by 0x4042A3: main (main.c:40)
==21569== 
==21569== Invalid write of size 1
==21569==    at 0x55C9C4F: vfprintf (in /lib/x86_64-linux-gnu/libc-2.22.so)
==21569==    by 0x55EC28A: vsprintf (in /lib/x86_64-linux-gnu/libc-2.22.so)
==21569==    by 0x55CFDA6: sprintf (in /lib/x86_64-linux-gnu/libc-2.22.so)
==21569==    by 0x416183: draw_status (status.c:86)
==21569==    by 0x415641: playerTakeTurnCallback (player.c:17)
==21569==    by 0x4042A3: main (main.c:40)
==21569==  Address 0x5ba8be5 is 0 bytes after a block of size 5 alloc'd
==21569==    at 0x4C2BBD5: calloc (vg_replace_malloc.c:711)
==21569==    by 0x40C568: Calloc (helpers.c:137)
==21569==    by 0x416160: draw_status (status.c:85)
==21569==    by 0x415641: playerTakeTurnCallback (player.c:17)
==21569==    by 0x4042A3: main (main.c:40)
==21569== 
==21569== Invalid write of size 1
==21569==    at 0x55EC299: vsprintf (in /lib/x86_64-linux-gnu/libc-2.22.so)
==21569==    by 0x55CFDA6: sprintf (in /lib/x86_64-linux-gnu/libc-2.22.so)
==21569==    by 0x416183: draw_status (status.c:86)
==21569==    by 0x415641: playerTakeTurnCallback (player.c:17)
==21569==    by 0x4042A3: main (main.c:40)
==21569==  Address 0x5ba8be6 is 1 bytes after a block of size 5 alloc'd
==21569==    at 0x4C2BBD5: calloc (vg_replace_malloc.c:711)
==21569==    by 0x40C568: Calloc (helpers.c:137)
==21569==    by 0x416160: draw_status (status.c:85)
==21569==    by 0x415641: playerTakeTurnCallback (player.c:17)
==21569==    by 0x4042A3: main (main.c:40)
==21569== 
==21569== Invalid read of size 1
==21569==    at 0x4C2CFF4: strlen (vg_replace_strmem.c:454)
==21569==    by 0x4161A1: draw_status (status.c:87)
==21569==    by 0x415641: playerTakeTurnCallback (player.c:17)
==21569==    by 0x4042A3: main (main.c:40)
==21569==  Address 0x5ba8be5 is 0 bytes after a block of size 5 alloc'd
==21569==    at 0x4C2BBD5: calloc (vg_replace_malloc.c:711)
==21569==    by 0x40C568: Calloc (helpers.c:137)
==21569==    by 0x416160: draw_status (status.c:85)
==21569==    by 0x415641: playerTakeTurnCallback (player.c:17)
==21569==    by 0x4042A3: main (main.c:40)
==21569== 
==21569== Invalid read of size 1
==21569==    at 0x4C2CCB3: strcat (vg_replace_strmem.c:303)
==21569==    by 0x4161C0: draw_status (status.c:88)
==21569==    by 0x415641: playerTakeTurnCallback (player.c:17)
==21569==    by 0x4042A3: main (main.c:40)
==21569==  Address 0x5ba8be5 is 0 bytes after a block of size 5 alloc'd
==21569==    at 0x4C2BBD5: calloc (vg_replace_malloc.c:711)
==21569==    by 0x40C568: Calloc (helpers.c:137)
==21569==    by 0x416160: draw_status (status.c:85)
==21569==    by 0x415641: playerTakeTurnCallback (player.c:17)
==21569==    by 0x4042A3: main (main.c:40)
==21569== 
==21569== Invalid write of size 1
==21569==    at 0x4C2CEA3: strncat (vg_replace_strmem.c:344)
==21569==    by 0x4161F7: draw_status (status.c:92)
==21569==    by 0x415641: playerTakeTurnCallback (player.c:17)
==21569==    by 0x4042A3: main (main.c:40)
==21569==  Address 0x5ba8ba0 is 0 bytes after a block of size 80 alloc'd
==21569==    at 0x4C2BBD5: calloc (vg_replace_malloc.c:711)
==21569==    by 0x40C568: Calloc (helpers.c:137)
==21569==    by 0x41614D: draw_status (status.c:83)
==21569==    by 0x415641: playerTakeTurnCallback (player.c:17)
==21569==    by 0x4042A3: main (main.c:40)
==21569== 
==21569== 
==21569== HEAP SUMMARY:
==21569==     in use at exit: 468,603 bytes in 711 blocks
==21569==   total heap usage: 727 allocs, 16 frees, 474,051 bytes allocated
==21569== 
==21569== LEAK SUMMARY:
==21569==    definitely lost: 265 bytes in 10 blocks
==21569==    indirectly lost: 0 bytes in 0 blocks
==21569==      possibly lost: 0 bytes in 0 blocks
==21569==    still reachable: 468,338 bytes in 701 blocks
==21569==         suppressed: 0 bytes in 0 blocks
==21569== Rerun with --leak-check=full to see details of leaked memory
==21569== 
==21569== For counts of detected and suppressed errors, rerun with: -v
==21569== ERROR SUMMARY: 113 errors from 14 contexts (suppressed: 0 from 0)
