==21975== Memcheck, a memory error detector
==21975== Copyright (C) 2002-2015, and GNU GPL'd, by Julian Seward et al.
==21975== Using Valgrind-3.11.0 and LibVEX; rerun with -h for copyright info
==21975== Command: ./EmptyWorld
==21975== Parent PID: 30249
==21975== 
--21975-- WARNING: Serious error when reading debug info
--21975-- When reading debug info from /lib/x86_64-linux-gnu/ld-2.22.so:
--21975-- Ignoring non-Dwarf2/3/4 block in .debug_info
--21975-- WARNING: Serious error when reading debug info
--21975-- When reading debug info from /lib/x86_64-linux-gnu/ld-2.22.so:
--21975-- Last block truncated in .debug_info; ignoring
--21975-- WARNING: Serious error when reading debug info
--21975-- When reading debug info from /lib/x86_64-linux-gnu/ld-2.22.so:
--21975-- parse_CU_Header: is neither DWARF2 nor DWARF3 nor DWARF4
--21975-- WARNING: Serious error when reading debug info
--21975-- When reading debug info from /lib/x86_64-linux-gnu/libm-2.22.so:
--21975-- Ignoring non-Dwarf2/3/4 block in .debug_info
--21975-- WARNING: Serious error when reading debug info
--21975-- When reading debug info from /lib/x86_64-linux-gnu/libm-2.22.so:
--21975-- Last block truncated in .debug_info; ignoring
--21975-- WARNING: Serious error when reading debug info
--21975-- When reading debug info from /lib/x86_64-linux-gnu/libm-2.22.so:
--21975-- parse_CU_Header: is neither DWARF2 nor DWARF3 nor DWARF4
--21975-- WARNING: Serious error when reading debug info
--21975-- When reading debug info from /lib/x86_64-linux-gnu/libc-2.22.so:
--21975-- Ignoring non-Dwarf2/3/4 block in .debug_info
--21975-- WARNING: Serious error when reading debug info
--21975-- When reading debug info from /lib/x86_64-linux-gnu/libc-2.22.so:
--21975-- Ignoring non-Dwarf2/3/4 block in .debug_info
--21975-- WARNING: Serious error when reading debug info
--21975-- When reading debug info from /lib/x86_64-linux-gnu/libc-2.22.so:
--21975-- Ignoring non-Dwarf2/3/4 block in .debug_info
--21975-- WARNING: Serious error when reading debug info
--21975-- When reading debug info from /lib/x86_64-linux-gnu/libc-2.22.so:
--21975-- Last block truncated in .debug_info; ignoring
--21975-- WARNING: Serious error when reading debug info
--21975-- When reading debug info from /lib/x86_64-linux-gnu/libc-2.22.so:
--21975-- parse_CU_Header: is neither DWARF2 nor DWARF3 nor DWARF4
--21975-- WARNING: Serious error when reading debug info
--21975-- When reading debug info from /lib/x86_64-linux-gnu/libdl-2.22.so:
--21975-- Ignoring non-Dwarf2/3/4 block in .debug_info
--21975-- WARNING: Serious error when reading debug info
--21975-- When reading debug info from /lib/x86_64-linux-gnu/libdl-2.22.so:
--21975-- Last block truncated in .debug_info; ignoring
--21975-- WARNING: Serious error when reading debug info
--21975-- When reading debug info from /lib/x86_64-linux-gnu/libdl-2.22.so:
--21975-- parse_CU_Header: is neither DWARF2 nor DWARF3 nor DWARF4
==21975== Invalid write of size 1
==21975==    at 0x4C2CEA3: strncat (vg_replace_strmem.c:344)
==21975==    by 0x4161F7: draw_status (status.c:92)
==21975==    by 0x415641: playerTakeTurnCallback (player.c:17)
==21975==    by 0x4042A3: main (main.c:40)
==21975==  Address 0x5ba8c70 is 0 bytes after a block of size 80 alloc'd
==21975==    at 0x4C2BBD5: calloc (vg_replace_malloc.c:711)
==21975==    by 0x40C568: Calloc (helpers.c:137)
==21975==    by 0x41614D: draw_status (status.c:83)
==21975==    by 0x415641: playerTakeTurnCallback (player.c:17)
==21975==    by 0x4042A3: main (main.c:40)
==21975== 
==21975== 
==21975== HEAP SUMMARY:
==21975==     in use at exit: 468,659 bytes in 713 blocks
==21975==   total heap usage: 729 allocs, 16 frees, 474,110 bytes allocated
==21975== 
==21975== LEAK SUMMARY:
==21975==    definitely lost: 265 bytes in 10 blocks
==21975==    indirectly lost: 0 bytes in 0 blocks
==21975==      possibly lost: 0 bytes in 0 blocks
==21975==    still reachable: 468,394 bytes in 703 blocks
==21975==         suppressed: 0 bytes in 0 blocks
==21975== Rerun with --leak-check=full to see details of leaked memory
==21975== 
==21975== For counts of detected and suppressed errors, rerun with: -v
==21975== ERROR SUMMARY: 1 errors from 1 contexts (suppressed: 0 from 0)
